<?xml version="1.0" encoding="UTF-8"?>
<!-- Generated by org.testng.reporters.JUnitReportReporter -->
<testsuite hostname="Viggy" failures="0" tests="1" name="com.rahulshettyacademy.framework.pages.LoginPage" time="0.613" errors="0" timestamp="2024-06-16T12:59:41 IST" skipped="0">
  <testcase classname="com.rahulshettyacademy.framework.pages.LoginPage" name="loginTest" time="0.613"/>
  <system-out/>
</testsuite> <!-- com.rahulshettyacademy.framework.pages.LoginPage -->
