<?xml version="1.0" encoding="UTF-8"?>
<!-- Generated by org.testng.reporters.JUnitReportReporter -->
<testsuite hostname="Viggy" failures="0" tests="4" name="codeCheck.LoginTestCases" time="11.059" errors="0" timestamp="2024-07-10T22:52:37 IST" skipped="0">
  <testcase classname="codeCheck.LoginTestCases" name="testCase1" time="2.816"/>
  <system-out/>
  <testcase classname="codeCheck.LoginTestCases" name="testCase1" time="2.812"/>
  <system-out/>
  <testcase classname="codeCheck.LoginTestCases" name="testCase1" time="2.787"/>
  <system-out/>
  <testcase classname="codeCheck.LoginTestCases" name="testCase1" time="2.644"/>
  <system-out/>
</testsuite> <!-- codeCheck.LoginTestCases -->
