<?xml version="1.0" encoding="UTF-8"?>
<!-- Generated by org.testng.reporters.JUnitReportReporter -->
<testsuite hostname="Viggy" failures="0" tests="1" name="operationUploadDownload.UploadOperations" time="1.695" errors="0" timestamp="2024-06-27T00:59:50 IST" skipped="0">
  <testcase classname="operationUploadDownload.UploadOperations" name="uploadFile" time="1.695"/>
  <system-out/>
</testsuite> <!-- operationUploadDownload.UploadOperations -->
