<?xml version="1.0" encoding="UTF-8"?>
<!-- Generated by org.testng.reporters.JUnitReportReporter -->
<testsuite hostname="Viggy" failures="0" tests="1" name="Driver" time="127.835" errors="0" timestamp="2024-03-09T17:42:36 IST" skipped="0">
  <testcase classname="Driver" name="InitiateDriver" time="127.835"/>
  <system-out/>
</testsuite> <!-- Driver -->
