<?xml version="1.0" encoding="UTF-8"?>
<!-- Generated by org.testng.reporters.JUnitReportReporter -->
<testsuite hostname="Viggy" failures="0" tests="1" name="com.rahulshettyacademy.framework.dataproviders.ReadExcel" time="0.044" errors="0" timestamp="2024-07-07T12:42:28 IST" skipped="0">
  <testcase classname="com.rahulshettyacademy.framework.dataproviders.ReadExcel" name="printArrayValue" time="0.044"/>
  <system-out/>
</testsuite> <!-- com.rahulshettyacademy.framework.dataproviders.ReadExcel -->
