<?xml version="1.0" encoding="UTF-8"?>
<!-- Generated by org.testng.reporters.JUnitReportReporter -->
<testsuite hostname="Viggy" failures="0" tests="2" name="sourceFile.LoginPage" time="7.584" errors="0" timestamp="2024-03-10T14:30:39 IST" skipped="0">
  <testcase classname="sourceFile.LoginPage" name="Login" time="5.398"/>
  <system-out/>
  <testcase classname="sourceFile.LoginPage" name="InitiateDriver" time="2.186"/>
  <system-out/>
</testsuite> <!-- sourceFile.LoginPage -->
