<?xml version="1.0" encoding="UTF-8"?>
<!-- Generated by org.testng.reporters.JUnitReportReporter -->
<testsuite hostname="Viggy" failures="0" tests="1" name="sourceFile.Driver" time="0.014" errors="0" timestamp="2024-03-10T13:54:26 IST" skipped="0">
  <testcase classname="sourceFile.Driver" name="InitiateDriver" time="0.014"/>
  <system-out/>
</testsuite> <!-- sourceFile.Driver -->
